Running: F:\XilinxISE\14.7\ISE_DS\ISE\bin\nt64\unwrapped\fuse.exe -intstyle ise -incremental -lib unisims_ver -lib unimacro_ver -lib xilinxcorelib_ver -o C:/Users/Nisal Dilshan/Desktop/FYP/ISE projects/buck_sys/test1_isim_beh.exe -prj C:/Users/Nisal Dilshan/Desktop/FYP/ISE projects/buck_sys/test1_beh.prj work.test1 work.glbl 
ISim P.20131013 (signature 0x7708f090)
Number of CPUs detected in this system: 4
Turning on mult-threading, number of parallel sub-compilation jobs: 8 
Determining compilation order of HDL files
Analyzing Verilog file "C:/Users/Nisal Dilshan/Desktop/FYP/ISE projects/buck_sys/top.v" into library work
Analyzing Verilog file "C:/Users/Nisal Dilshan/Desktop/FYP/ISE projects/buck_sys/test1.v" into library work
Analyzing Verilog file "F:/XilinxISE/14.7/ISE_DS/ISE//verilog/src/glbl.v" into library work
Starting static elaboration
Completed static elaboration
Compiling module top
Compiling module test1
Compiling module glbl
Time Resolution for simulation is 1ps.
Waiting for 1 sub-compilation(s) to finish...
WARNING:Simulator - Unable to copy libPortabilityNOSH.dll to the simulation executable directory: boost::filesystem::copy_file: The system cannot find the path specified, "isim\test1_isim_beh.exe.sim\libPortability.dll".
Compiled 3 Verilog Units
Built simulation executable C:/Users/Nisal Dilshan/Desktop/FYP/ISE projects/buck_sys/test1_isim_beh.exe
Fuse Memory Usage: 27520 KB
Fuse CPU Usage: 374 ms
